mode: set
watchdog/process/process.go:56.117,63.16 7 1
watchdog/process/process.go:66.2,67.16 2 1
watchdog/process/process.go:71.2,71.40 1 1
watchdog/process/process.go:75.2,76.11 2 1
watchdog/process/process.go:84.2,85.12 2 1
watchdog/process/process.go:93.2,93.39 1 1
watchdog/process/process.go:98.2,118.8 2 1
watchdog/process/process.go:63.16,65.3 1 0
watchdog/process/process.go:67.16,69.3 1 0
watchdog/process/process.go:71.40,73.3 1 0
watchdog/process/process.go:76.11,79.22 3 1
watchdog/process/process.go:79.22,81.4 1 1
watchdog/process/process.go:85.12,88.22 3 1
watchdog/process/process.go:88.22,90.4 1 0
watchdog/process/process.go:93.39,96.3 1 0
watchdog/process/process.go:126.81,128.16 2 1
watchdog/process/process.go:132.2,139.16 5 1
watchdog/process/process.go:143.2,145.16 3 1
watchdog/process/process.go:149.2,158.8 1 1
watchdog/process/process.go:128.16,130.3 1 1
watchdog/process/process.go:139.16,141.3 1 0
watchdog/process/process.go:145.16,147.3 1 0
watchdog/process/process.go:167.67,168.36 1 1
watchdog/process/process.go:186.2,186.12 1 1
watchdog/process/process.go:168.36,171.17 3 1
watchdog/process/process.go:174.3,175.17 2 1
watchdog/process/process.go:171.17,173.4 1 0
watchdog/process/process.go:175.17,177.4 1 0
watchdog/process/process.go:178.3,182.41 4 1
watchdog/process/process.go:182.41,184.4 1 0
watchdog/process/process.go:192.45,194.20 1 1
watchdog/process/process.go:198.2,200.12 3 0
watchdog/process/process.go:214.2,214.12 1 0
watchdog/process/process.go:194.20,196.3 1 1
watchdog/process/process.go:200.12,201.7 1 0
watchdog/process/process.go:201.7,202.11 1 0
watchdog/process/process.go:203.21,205.19 2 0
watchdog/process/process.go:208.17,210.11 2 0
watchdog/process/process.go:205.19,207.6 1 0
watchdog/process/process.go:217.44,219.2 1 1
watchdog/process/process.go:226.57,230.16 4 1
watchdog/process/process.go:233.2,233.20 1 1
watchdog/process/process.go:230.16,232.3 1 1
watchdog/process/process.go:236.60,238.64 2 1
watchdog/process/process.go:256.2,257.16 2 1
watchdog/process/process.go:260.2,261.16 2 1
watchdog/process/process.go:265.2,265.21 1 1
watchdog/process/process.go:238.64,245.3 1 1
watchdog/process/process.go:245.3,245.71 1 1
watchdog/process/process.go:245.71,252.3 1 0
watchdog/process/process.go:252.3,254.3 1 1
watchdog/process/process.go:257.16,259.3 1 1
watchdog/process/process.go:261.16,263.3 1 0
watchdog/process/process.go:268.48,270.16 2 1
watchdog/process/process.go:274.2,275.16 2 1
watchdog/process/process.go:278.2,278.28 1 1
watchdog/process/process.go:270.16,272.3 1 1
watchdog/process/process.go:275.16,277.3 1 1
watchdog/process/process.go:283.77,291.2 3 1
